<?xml version="1.0" encoding="UTF-8"?>
<testng-results ignored="0" total="2" passed="2" failed="0" skipped="0">
  <reporter-output>
  </reporter-output>
  <suite started-at="2026-05-08T11:16:13 IST" name="Surefire suite" finished-at="2026-05-08T11:16:13 IST" duration-ms="118">
    <groups>
    </groups>
    <test started-at="2026-05-08T11:16:13 IST" name="Surefire test" finished-at="2026-05-08T11:16:13 IST" duration-ms="118">
      <class name="com.test.SampleTest">
        <test-method signature="testOne()[pri:0, instance:com.test.SampleTest@4facf68f]" started-at="2026-05-08T11:16:13 IST" name="testOne" finished-at="2026-05-08T11:16:13 IST" duration-ms="3" status="PASS">
          <reporter-output>
          </reporter-output>
        </test-method> <!-- testOne -->
      </class> <!-- com.test.SampleTest -->
      <class name="com.test.Sample2Test">
        <test-method signature="testOne()[pri:0, instance:com.test.Sample2Test@50a638b5]" started-at="2026-05-08T11:16:13 IST" name="testOne" finished-at="2026-05-08T11:16:13 IST" duration-ms="10" status="PASS">
          <reporter-output>
          </reporter-output>
        </test-method> <!-- testOne -->
      </class> <!-- com.test.Sample2Test -->
    </test> <!-- Surefire test -->
  </suite> <!-- Surefire suite -->
</testng-results>
