<?xml version="1.0" encoding="UTF-8"?>
<testng-results ignored="0" total="2" passed="2" failed="0" skipped="0">
  <reporter-output>
  </reporter-output>
  <suite started-at="2026-05-06T17:26:27 IST" name="Surefire suite" finished-at="2026-05-06T17:26:27 IST" duration-ms="75">
    <groups>
    </groups>
    <test started-at="2026-05-06T17:26:27 IST" name="Surefire test" finished-at="2026-05-06T17:26:27 IST" duration-ms="75">
      <class name="com.test.SampleTest">
        <test-method signature="testOne()[pri:0, instance:com.test.SampleTest@3c72f59f]" started-at="2026-05-06T17:26:27 IST" name="testOne" finished-at="2026-05-06T17:26:27 IST" duration-ms="1" status="PASS">
          <reporter-output>
          </reporter-output>
        </test-method> <!-- testOne -->
      </class> <!-- com.test.SampleTest -->
      <class name="com.test.Sample2Test">
        <test-method signature="testOne()[pri:0, instance:com.test.Sample2Test@5db250b4]" started-at="2026-05-06T17:26:27 IST" name="testOne" finished-at="2026-05-06T17:26:27 IST" duration-ms="9" status="PASS">
          <reporter-output>
          </reporter-output>
        </test-method> <!-- testOne -->
      </class> <!-- com.test.Sample2Test -->
    </test> <!-- Surefire test -->
  </suite> <!-- Surefire suite -->
</testng-results>
